2025-06-15 16:16:22,264 ERROR:Traceback (most recent call last):
  File "C:\Users\New\tgch1.0-3\ui.py", line 805, in generate_code
    code = generate_code(self.blocks)
           ^^^^^^^^^^^^^^^^^^^^^^^^^^
  File "C:\Users\New\tgch1.0-3\code_gen.py", line 248, in generate_code
    is_valid, error = validate_code("\n".join(code))
    ^^^^^^^^^^^^^^^
ValueError: not enough values to unpack (expected 2, got 0)

2025-06-15 16:18:41,125 ERROR:Traceback (most recent call last):
  File "C:\Users\New\tgch1.0-3\ui.py", line 808, in generate_code
    errors = validate_code(code)
             ^^^^^^^^^^^^^
NameError: name 'validate_code' is not defined

2025-06-15 22:33:36,778 ERROR:Traceback (most recent call last):
  File "c:\Users\New\tgch1.0-3\tgch1.0\error_handler.py", line 58, in wrapper
    return func(*args, **kwargs)
           ^^^^^^^^^^^^^^^^^^^^^
TypeError: MainWindow.generate_code() takes 1 positional argument but 2 were given

2025-06-16 10:41:40,647 ERROR:Traceback (most recent call last):
  File "C:\Users\master\.ssh\tgch1.0\preview.py", line 112, in paintEvent
    painter.drawLine(padding, y, width - padding, y)
    ~~~~~~~~~~~~~~~~^^^^^^^^^^^^^^^^^^^^^^^^^^^^^^^^
TypeError: arguments did not match any overloaded call:
  drawLine(self, l: QLineF): argument 1 has unexpected type 'int'
  drawLine(self, line: QLine): argument 1 has unexpected type 'int'
  drawLine(self, x1: int, y1: int, x2: int, y2: int): argument 2 has unexpected type 'float'
  drawLine(self, p1: QPoint, p2: QPoint): argument 1 has unexpected type 'int'
  drawLine(self, p1: Union[QPointF, QPoint], p2: Union[QPointF, QPoint]): argument 1 has unexpected type 'int'

2025-06-16 10:41:46,355 ERROR:Traceback (most recent call last):
  File "C:\Users\master\.ssh\tgch1.0\preview.py", line 112, in paintEvent
    painter.drawLine(padding, y, width - padding, y)
    ~~~~~~~~~~~~~~~~^^^^^^^^^^^^^^^^^^^^^^^^^^^^^^^^
TypeError: arguments did not match any overloaded call:
  drawLine(self, l: QLineF): argument 1 has unexpected type 'int'
  drawLine(self, line: QLine): argument 1 has unexpected type 'int'
  drawLine(self, x1: int, y1: int, x2: int, y2: int): argument 2 has unexpected type 'float'
  drawLine(self, p1: QPoint, p2: QPoint): argument 1 has unexpected type 'int'
  drawLine(self, p1: Union[QPointF, QPoint], p2: Union[QPointF, QPoint]): argument 1 has unexpected type 'int'

2025-06-16 10:41:47,326 ERROR:Traceback (most recent call last):
  File "C:\Users\master\.ssh\tgch1.0\preview.py", line 112, in paintEvent
    painter.drawLine(padding, y, width - padding, y)
    ~~~~~~~~~~~~~~~~^^^^^^^^^^^^^^^^^^^^^^^^^^^^^^^^
TypeError: arguments did not match any overloaded call:
  drawLine(self, l: QLineF): argument 1 has unexpected type 'int'
  drawLine(self, line: QLine): argument 1 has unexpected type 'int'
  drawLine(self, x1: int, y1: int, x2: int, y2: int): argument 2 has unexpected type 'float'
  drawLine(self, p1: QPoint, p2: QPoint): argument 1 has unexpected type 'int'
  drawLine(self, p1: Union[QPointF, QPoint], p2: Union[QPointF, QPoint]): argument 1 has unexpected type 'int'

2025-06-16 10:41:48,860 ERROR:Traceback (most recent call last):
  File "C:\Users\master\.ssh\tgch1.0\preview.py", line 112, in paintEvent
    painter.drawLine(padding, y, width - padding, y)
    ~~~~~~~~~~~~~~~~^^^^^^^^^^^^^^^^^^^^^^^^^^^^^^^^
TypeError: arguments did not match any overloaded call:
  drawLine(self, l: QLineF): argument 1 has unexpected type 'int'
  drawLine(self, line: QLine): argument 1 has unexpected type 'int'
  drawLine(self, x1: int, y1: int, x2: int, y2: int): argument 2 has unexpected type 'float'
  drawLine(self, p1: QPoint, p2: QPoint): argument 1 has unexpected type 'int'
  drawLine(self, p1: Union[QPointF, QPoint], p2: Union[QPointF, QPoint]): argument 1 has unexpected type 'int'

2025-06-16 10:41:51,374 ERROR:Traceback (most recent call last):
  File "C:\Users\master\.ssh\tgch1.0\preview.py", line 112, in paintEvent
    painter.drawLine(padding, y, width - padding, y)
    ~~~~~~~~~~~~~~~~^^^^^^^^^^^^^^^^^^^^^^^^^^^^^^^^
TypeError: arguments did not match any overloaded call:
  drawLine(self, l: QLineF): argument 1 has unexpected type 'int'
  drawLine(self, line: QLine): argument 1 has unexpected type 'int'
  drawLine(self, x1: int, y1: int, x2: int, y2: int): argument 2 has unexpected type 'float'
  drawLine(self, p1: QPoint, p2: QPoint): argument 1 has unexpected type 'int'
  drawLine(self, p1: Union[QPointF, QPoint], p2: Union[QPointF, QPoint]): argument 1 has unexpected type 'int'

2025-06-16 10:42:57,925 ERROR:Traceback (most recent call last):
  File "C:\Users\master\.ssh\tgch1.0\preview.py", line 112, in paintEvent
    painter.drawLine(padding, y, width - padding, y)
    ~~~~~~~~~~~~~~~~^^^^^^^^^^^^^^^^^^^^^^^^^^^^^^^^
TypeError: arguments did not match any overloaded call:
  drawLine(self, l: QLineF): argument 1 has unexpected type 'int'
  drawLine(self, line: QLine): argument 1 has unexpected type 'int'
  drawLine(self, x1: int, y1: int, x2: int, y2: int): argument 2 has unexpected type 'float'
  drawLine(self, p1: QPoint, p2: QPoint): argument 1 has unexpected type 'int'
  drawLine(self, p1: Union[QPointF, QPoint], p2: Union[QPointF, QPoint]): argument 1 has unexpected type 'int'

2025-06-16 10:43:19,243 ERROR:Traceback (most recent call last):
  File "C:\Users\master\.ssh\tgch1.0\preview.py", line 112, in paintEvent
    painter.drawLine(padding, y, width - padding, y)
    ~~~~~~~~~~~~~~~~^^^^^^^^^^^^^^^^^^^^^^^^^^^^^^^^
TypeError: arguments did not match any overloaded call:
  drawLine(self, l: QLineF): argument 1 has unexpected type 'int'
  drawLine(self, line: QLine): argument 1 has unexpected type 'int'
  drawLine(self, x1: int, y1: int, x2: int, y2: int): argument 2 has unexpected type 'float'
  drawLine(self, p1: QPoint, p2: QPoint): argument 1 has unexpected type 'int'
  drawLine(self, p1: Union[QPointF, QPoint], p2: Union[QPointF, QPoint]): argument 1 has unexpected type 'int'

2025-06-16 10:43:20,220 ERROR:Traceback (most recent call last):
  File "C:\Users\master\.ssh\tgch1.0\preview.py", line 112, in paintEvent
    painter.drawLine(padding, y, width - padding, y)
    ~~~~~~~~~~~~~~~~^^^^^^^^^^^^^^^^^^^^^^^^^^^^^^^^
TypeError: arguments did not match any overloaded call:
  drawLine(self, l: QLineF): argument 1 has unexpected type 'int'
  drawLine(self, line: QLine): argument 1 has unexpected type 'int'
  drawLine(self, x1: int, y1: int, x2: int, y2: int): argument 2 has unexpected type 'float'
  drawLine(self, p1: QPoint, p2: QPoint): argument 1 has unexpected type 'int'
  drawLine(self, p1: Union[QPointF, QPoint], p2: Union[QPointF, QPoint]): argument 1 has unexpected type 'int'

2025-06-16 10:43:20,509 ERROR:Traceback (most recent call last):
  File "C:\Users\master\.ssh\tgch1.0\preview.py", line 112, in paintEvent
    painter.drawLine(padding, y, width - padding, y)
    ~~~~~~~~~~~~~~~~^^^^^^^^^^^^^^^^^^^^^^^^^^^^^^^^
TypeError: arguments did not match any overloaded call:
  drawLine(self, l: QLineF): argument 1 has unexpected type 'int'
  drawLine(self, line: QLine): argument 1 has unexpected type 'int'
  drawLine(self, x1: int, y1: int, x2: int, y2: int): argument 2 has unexpected type 'float'
  drawLine(self, p1: QPoint, p2: QPoint): argument 1 has unexpected type 'int'
  drawLine(self, p1: Union[QPointF, QPoint], p2: Union[QPointF, QPoint]): argument 1 has unexpected type 'int'

2025-06-16 10:43:20,707 ERROR:Traceback (most recent call last):
  File "C:\Users\master\.ssh\tgch1.0\preview.py", line 112, in paintEvent
    painter.drawLine(padding, y, width - padding, y)
    ~~~~~~~~~~~~~~~~^^^^^^^^^^^^^^^^^^^^^^^^^^^^^^^^
TypeError: arguments did not match any overloaded call:
  drawLine(self, l: QLineF): argument 1 has unexpected type 'int'
  drawLine(self, line: QLine): argument 1 has unexpected type 'int'
  drawLine(self, x1: int, y1: int, x2: int, y2: int): argument 2 has unexpected type 'float'
  drawLine(self, p1: QPoint, p2: QPoint): argument 1 has unexpected type 'int'
  drawLine(self, p1: Union[QPointF, QPoint], p2: Union[QPointF, QPoint]): argument 1 has unexpected type 'int'

2025-06-16 10:43:20,869 ERROR:Traceback (most recent call last):
  File "C:\Users\master\.ssh\tgch1.0\preview.py", line 112, in paintEvent
    painter.drawLine(padding, y, width - padding, y)
    ~~~~~~~~~~~~~~~~^^^^^^^^^^^^^^^^^^^^^^^^^^^^^^^^
TypeError: arguments did not match any overloaded call:
  drawLine(self, l: QLineF): argument 1 has unexpected type 'int'
  drawLine(self, line: QLine): argument 1 has unexpected type 'int'
  drawLine(self, x1: int, y1: int, x2: int, y2: int): argument 2 has unexpected type 'float'
  drawLine(self, p1: QPoint, p2: QPoint): argument 1 has unexpected type 'int'
  drawLine(self, p1: Union[QPointF, QPoint], p2: Union[QPointF, QPoint]): argument 1 has unexpected type 'int'

2025-06-16 10:43:21,001 ERROR:Traceback (most recent call last):
  File "C:\Users\master\.ssh\tgch1.0\preview.py", line 112, in paintEvent
    painter.drawLine(padding, y, width - padding, y)
    ~~~~~~~~~~~~~~~~^^^^^^^^^^^^^^^^^^^^^^^^^^^^^^^^
TypeError: arguments did not match any overloaded call:
  drawLine(self, l: QLineF): argument 1 has unexpected type 'int'
  drawLine(self, line: QLine): argument 1 has unexpected type 'int'
  drawLine(self, x1: int, y1: int, x2: int, y2: int): argument 2 has unexpected type 'float'
  drawLine(self, p1: QPoint, p2: QPoint): argument 1 has unexpected type 'int'
  drawLine(self, p1: Union[QPointF, QPoint], p2: Union[QPointF, QPoint]): argument 1 has unexpected type 'int'

2025-06-16 10:43:21,148 ERROR:Traceback (most recent call last):
  File "C:\Users\master\.ssh\tgch1.0\preview.py", line 112, in paintEvent
    painter.drawLine(padding, y, width - padding, y)
    ~~~~~~~~~~~~~~~~^^^^^^^^^^^^^^^^^^^^^^^^^^^^^^^^
TypeError: arguments did not match any overloaded call:
  drawLine(self, l: QLineF): argument 1 has unexpected type 'int'
  drawLine(self, line: QLine): argument 1 has unexpected type 'int'
  drawLine(self, x1: int, y1: int, x2: int, y2: int): argument 2 has unexpected type 'float'
  drawLine(self, p1: QPoint, p2: QPoint): argument 1 has unexpected type 'int'
  drawLine(self, p1: Union[QPointF, QPoint], p2: Union[QPointF, QPoint]): argument 1 has unexpected type 'int'

2025-06-16 10:43:21,290 ERROR:Traceback (most recent call last):
  File "C:\Users\master\.ssh\tgch1.0\preview.py", line 112, in paintEvent
    painter.drawLine(padding, y, width - padding, y)
    ~~~~~~~~~~~~~~~~^^^^^^^^^^^^^^^^^^^^^^^^^^^^^^^^
TypeError: arguments did not match any overloaded call:
  drawLine(self, l: QLineF): argument 1 has unexpected type 'int'
  drawLine(self, line: QLine): argument 1 has unexpected type 'int'
  drawLine(self, x1: int, y1: int, x2: int, y2: int): argument 2 has unexpected type 'float'
  drawLine(self, p1: QPoint, p2: QPoint): argument 1 has unexpected type 'int'
  drawLine(self, p1: Union[QPointF, QPoint], p2: Union[QPointF, QPoint]): argument 1 has unexpected type 'int'

2025-06-16 10:48:30,254 ERROR:Traceback (most recent call last):
  File "C:\Users\master\.ssh\tgch1.0\ui.py", line 444, in update_status
    def update_status(self):
    
KeyboardInterrupt

2025-06-16 10:49:51,252 ERROR:Traceback (most recent call last):
  File "C:\Users\master\.ssh\tgch1.0\ui.py", line 444, in update_status
    def update_status(self):
    
KeyboardInterrupt

